running develop
/usr/lib/python3/dist-packages/setuptools/command/easy_install.py:158: EasyInstallDeprecationWarning: easy_install command is deprecated. Use build and pip and other standards-based tools.
  warnings.warn(
Removing /home/abdeepak/CodingChallenges/merge_arrays/ros2_ws/install/merge_arrays/lib/python3.10/site-packages/merge-arrays.egg-link (link to .)
running egg_info
writing ../../build/merge_arrays/merge_arrays.egg-info/PKG-INFO
writing dependency_links to ../../build/merge_arrays/merge_arrays.egg-info/dependency_links.txt
writing entry points to ../../build/merge_arrays/merge_arrays.egg-info/entry_points.txt
writing requirements to ../../build/merge_arrays/merge_arrays.egg-info/requires.txt
writing top-level names to ../../build/merge_arrays/merge_arrays.egg-info/top_level.txt
reading manifest file '../../build/merge_arrays/merge_arrays.egg-info/SOURCES.txt'
writing manifest file '../../build/merge_arrays/merge_arrays.egg-info/SOURCES.txt'
running build
running build_py
running install
running install_lib
creating /home/abdeepak/CodingChallenges/merge_arrays/ros2_ws/install/merge_arrays/lib/python3.10/site-packages/merge_arrays
copying /home/abdeepak/CodingChallenges/merge_arrays/ros2_ws/build/merge_arrays/build/lib/merge_arrays/merge_arrays_node.py -> /home/abdeepak/CodingChallenges/merge_arrays/ros2_ws/install/merge_arrays/lib/python3.10/site-packages/merge_arrays
copying /home/abdeepak/CodingChallenges/merge_arrays/ros2_ws/build/merge_arrays/build/lib/merge_arrays/__init__.py -> /home/abdeepak/CodingChallenges/merge_arrays/ros2_ws/install/merge_arrays/lib/python3.10/site-packages/merge_arrays
copying /home/abdeepak/CodingChallenges/merge_arrays/ros2_ws/build/merge_arrays/build/lib/merge_arrays/merge_arrays_tester.py -> /home/abdeepak/CodingChallenges/merge_arrays/ros2_ws/install/merge_arrays/lib/python3.10/site-packages/merge_arrays
byte-compiling /home/abdeepak/CodingChallenges/merge_arrays/ros2_ws/install/merge_arrays/lib/python3.10/site-packages/merge_arrays/merge_arrays_node.py to merge_arrays_node.cpython-310.pyc
byte-compiling /home/abdeepak/CodingChallenges/merge_arrays/ros2_ws/install/merge_arrays/lib/python3.10/site-packages/merge_arrays/__init__.py to __init__.cpython-310.pyc
byte-compiling /home/abdeepak/CodingChallenges/merge_arrays/ros2_ws/install/merge_arrays/lib/python3.10/site-packages/merge_arrays/merge_arrays_tester.py to merge_arrays_tester.cpython-310.pyc
running install_data
copying resource/merge_arrays -> /home/abdeepak/CodingChallenges/merge_arrays/ros2_ws/install/merge_arrays/share/ament_index/resource_index/packages
copying package.xml -> /home/abdeepak/CodingChallenges/merge_arrays/ros2_ws/install/merge_arrays/share/merge_arrays
running install_egg_info
Copying ../../build/merge_arrays/merge_arrays.egg-info to /home/abdeepak/CodingChallenges/merge_arrays/ros2_ws/install/merge_arrays/lib/python3.10/site-packages/merge_arrays-0.0.0-py3.10.egg-info
running install_scripts
Installing merge_arrays_node script to /home/abdeepak/CodingChallenges/merge_arrays/ros2_ws/install/merge_arrays/lib/merge_arrays
Installing merge_arrays_tester script to /home/abdeepak/CodingChallenges/merge_arrays/ros2_ws/install/merge_arrays/lib/merge_arrays
writing list of installed files to '/home/abdeepak/CodingChallenges/merge_arrays/ros2_ws/build/merge_arrays/install.log'
