[0.533s] Invoking command in '/home/abdeepak/CodingChallenges/merge_arrays/ros2_ws/src/merge_arrays': PYTHONPATH=/home/abdeepak/CodingChallenges/merge_arrays/ros2_ws/build/merge_arrays/prefix_override:/home/abdeepak/.local/lib/python3.10/site-packages/colcon_core/task/python/colcon_distutils_commands:/home/abdeepak/CodingChallenges/merge_arrays/ros2_ws/install/merge_arrays/lib/python3.10/site-packages:${PYTHONPATH} WSLENV=ELECTRON_RUN_AS_NODE/w:WT_SESSION:WT_PROFILE_ID: /usr/bin/python3 -W ignore:setup.py install is deprecated setup.py egg_info --egg-base ../../build/merge_arrays build --build-base /home/abdeepak/CodingChallenges/merge_arrays/ros2_ws/build/merge_arrays/build install --record /home/abdeepak/CodingChallenges/merge_arrays/ros2_ws/build/merge_arrays/install.log --single-version-externally-managed install_data
[0.676s] running egg_info
[0.676s] writing ../../build/merge_arrays/merge_arrays.egg-info/PKG-INFO
[0.677s] writing dependency_links to ../../build/merge_arrays/merge_arrays.egg-info/dependency_links.txt
[0.677s] writing entry points to ../../build/merge_arrays/merge_arrays.egg-info/entry_points.txt
[0.678s] writing requirements to ../../build/merge_arrays/merge_arrays.egg-info/requires.txt
[0.678s] writing top-level names to ../../build/merge_arrays/merge_arrays.egg-info/top_level.txt
[0.678s] reading manifest file '../../build/merge_arrays/merge_arrays.egg-info/SOURCES.txt'
[0.679s] writing manifest file '../../build/merge_arrays/merge_arrays.egg-info/SOURCES.txt'
[0.679s] running build
[0.679s] running build_py
[0.679s] copying merge_arrays/merge_arrays_node.py -> /home/abdeepak/CodingChallenges/merge_arrays/ros2_ws/build/merge_arrays/build/lib/merge_arrays
[0.680s] running install
[0.680s] running install_lib
[0.680s] copying /home/abdeepak/CodingChallenges/merge_arrays/ros2_ws/build/merge_arrays/build/lib/merge_arrays/merge_arrays_node.py -> /home/abdeepak/CodingChallenges/merge_arrays/ros2_ws/install/merge_arrays/lib/python3.10/site-packages/merge_arrays
[0.680s] byte-compiling /home/abdeepak/CodingChallenges/merge_arrays/ros2_ws/install/merge_arrays/lib/python3.10/site-packages/merge_arrays/merge_arrays_node.py to merge_arrays_node.cpython-310.pyc
[0.681s] running install_data
[0.681s] running install_egg_info
[0.682s] removing '/home/abdeepak/CodingChallenges/merge_arrays/ros2_ws/install/merge_arrays/lib/python3.10/site-packages/merge_arrays-0.0.0-py3.10.egg-info' (and everything under it)
[0.682s] Copying ../../build/merge_arrays/merge_arrays.egg-info to /home/abdeepak/CodingChallenges/merge_arrays/ros2_ws/install/merge_arrays/lib/python3.10/site-packages/merge_arrays-0.0.0-py3.10.egg-info
[0.683s] running install_scripts
[0.696s] Installing merge_arrays_node script to /home/abdeepak/CodingChallenges/merge_arrays/ros2_ws/install/merge_arrays/lib/merge_arrays
[0.697s] Installing merge_arrays_tester script to /home/abdeepak/CodingChallenges/merge_arrays/ros2_ws/install/merge_arrays/lib/merge_arrays
[0.697s] writing list of installed files to '/home/abdeepak/CodingChallenges/merge_arrays/ros2_ws/build/merge_arrays/install.log'
[0.719s] Invoked command in '/home/abdeepak/CodingChallenges/merge_arrays/ros2_ws/src/merge_arrays' returned '0': PYTHONPATH=/home/abdeepak/CodingChallenges/merge_arrays/ros2_ws/build/merge_arrays/prefix_override:/home/abdeepak/.local/lib/python3.10/site-packages/colcon_core/task/python/colcon_distutils_commands:/home/abdeepak/CodingChallenges/merge_arrays/ros2_ws/install/merge_arrays/lib/python3.10/site-packages:${PYTHONPATH} WSLENV=ELECTRON_RUN_AS_NODE/w:WT_SESSION:WT_PROFILE_ID: /usr/bin/python3 -W ignore:setup.py install is deprecated setup.py egg_info --egg-base ../../build/merge_arrays build --build-base /home/abdeepak/CodingChallenges/merge_arrays/ros2_ws/build/merge_arrays/build install --record /home/abdeepak/CodingChallenges/merge_arrays/ros2_ws/build/merge_arrays/install.log --single-version-externally-managed install_data
